<?xml version="1.0" encoding="UTF-8"?>
<!-- Generated by org.testng.reporters.JUnitXMLReporter -->
<testsuite hostname="LAPTOP-C3OACNLA" ignored="0" name="Command line test" tests="3" failures="0" timestamp="2020-06-22T16:07:03 IST" time="0.15" errors="0">
  <testcase name="ImTest" time="0.011" classname="Testcases.AravindTest"/>
  <testcase name="Testdone" time="0.001" classname="Testcases.PechuDoingTest"/>
  <testcase name="doTest" time="0.0" classname="Testcases.PechuDoingTest"/>
</testsuite> <!-- Command line test -->
