<?xml version="1.0" encoding="UTF-8"?>
<!-- Generated by org.testng.reporters.JUnitXMLReporter -->
<testsuite hostname="LAPTOP-C3OACNLA" ignored="0" name="Test" tests="3" failures="0" timestamp="2020-06-23T22:32:29 IST" time="0.09" errors="0">
  <testcase name="Testdone" time="0.009" classname="Testcases.PechuDoingTest"/>
  <testcase name="doTest" time="0.001" classname="Testcases.PechuDoingTest"/>
  <testcase name="ImTest" time="0.001" classname="Testcases.AravindTest"/>
</testsuite> <!-- Test -->
