<?xml version="1.0" encoding="UTF-8"?>
<testng-results skipped="0" failed="0" ignored="0" total="1" passed="1">
  <reporter-output>
  </reporter-output>
  <suite name="Default suite" duration-ms="176" started-at="2020-06-17T22:34:13 IST" finished-at="2020-06-17T22:34:13 IST">
    <groups>
    </groups>
    <test name="Default test" duration-ms="176" started-at="2020-06-17T22:34:13 IST" finished-at="2020-06-17T22:34:13 IST">
      <class name="Testcases.PechuDoingTesting">
        <test-method status="PASS" signature="doTest()[pri:0, instance:Testcases.PechuDoingTesting@369f73a2]" name="doTest" duration-ms="22" started-at="2020-06-17T22:34:13 IST" finished-at="2020-06-17T22:34:13 IST">
          <reporter-output>
          </reporter-output>
        </test-method> <!-- doTest -->
      </class> <!-- Testcases.PechuDoingTesting -->
    </test> <!-- Default test -->
  </suite> <!-- Default suite -->
</testng-results>
